NULL 船长 0.1714285714285714
captain 船长 1.0
NULL 是 0.06857142857142857
NULL 长官 0.06857142857142857
NULL ? 0.06857142857142857
yes 是 0.2
yes 长官 0.2
yes ? 0.2
, 是 0.2
, 长官 0.2
, ? 0.2
sir 是 0.3333333333333333
sir 长官 0.3333333333333333
sir ? 0.3333333333333333
? 是 0.3333333333333333
? 长官 0.3333333333333333
? ? 0.3333333333333333
NULL 通知 0.03809523809523809
NULL 他们 0.03809523809523809
NULL 我们 0.03809523809523809
NULL 要 0.03809523809523809
NULL 登舰 0.059523809523809514
NULL 了 0.03809523809523809
tell 通知 0.16666666666666663
tell 他们 0.16666666666666663
tell 我们 0.16666666666666663
tell 要 0.16666666666666663
tell 登舰 0.16666666666666663
tell 了 0.16666666666666663
them 通知 0.16666666666666663
them 他们 0.16666666666666663
them 我们 0.16666666666666663
them 要 0.16666666666666663
them 登舰 0.16666666666666663
them 了 0.16666666666666663
we 通知 0.16666666666666663
we 他们 0.16666666666666663
we 我们 0.16666666666666663
we 要 0.16666666666666663
we 登舰 0.16666666666666663
we 了 0.16666666666666663
wish 通知 0.07843137254901959
wish 他们 0.07843137254901959
wish 我们 0.07843137254901959
wish 要 0.07843137254901959
wish 登舰 0.12254901960784313
wish 了 0.07843137254901959
to 通知 0.07843137254901959
to 他们 0.07843137254901959
to 我们 0.07843137254901959
to 要 0.07843137254901959
to 登舰 0.12254901960784313
to 了 0.07843137254901959
board 通知 0.07843137254901959
board 他们 0.07843137254901959
board 我们 0.07843137254901959
board 要 0.07843137254901959
board 登舰 0.12254901960784313
board 了 0.07843137254901959
at 通知 0.16666666666666663
at 他们 0.16666666666666663
at 我们 0.16666666666666663
at 要 0.16666666666666663
at 登舰 0.16666666666666663
at 了 0.16666666666666663
once 通知 0.16666666666666663
once 他们 0.16666666666666663
once 我们 0.16666666666666663
once 要 0.16666666666666663
once 登舰 0.16666666666666663
once 了 0.16666666666666663
NULL 满怀 0.021428571428571425
NULL 尊敬 0.021428571428571425
NULL 之意 0.021428571428571425
NULL ... 0.021428571428571425
NULL 共和国 0.021428571428571425
NULL 首相 0.021428571428571425
NULL 的 0.021428571428571425
NULL 两位 0.021428571428571425
NULL 特使 0.021428571428571425
NULL 请求 0.021428571428571425
NULL 立即 0.021428571428571425
with 满怀 0.08333333333333333
with 尊敬 0.08333333333333333
with 之意 0.08333333333333333
with ... 0.08333333333333333
with 共和国 0.08333333333333333
with 首相 0.08333333333333333
with 的 0.08333333333333333
with 两位 0.08333333333333333
with 特使 0.08333333333333333
with 请求 0.08333333333333333
with 立即 0.08333333333333333
with 登舰 0.08333333333333333
all 满怀 0.08333333333333333
all 尊敬 0.08333333333333333
all 之意 0.08333333333333333
all ... 0.08333333333333333
all 共和国 0.08333333333333333
all 首相 0.08333333333333333
all 的 0.08333333333333333
all 两位 0.08333333333333333
all 特使 0.08333333333333333
all 请求 0.08333333333333333
all 立即 0.08333333333333333
all 登舰 0.08333333333333333
due 满怀 0.08333333333333333
due 尊敬 0.08333333333333333
due 之意 0.08333333333333333
due ... 0.08333333333333333
due 共和国 0.08333333333333333
due 首相 0.08333333333333333
due 的 0.08333333333333333
due 两位 0.08333333333333333
due 特使 0.08333333333333333
due 请求 0.08333333333333333
due 立即 0.08333333333333333
due 登舰 0.08333333333333333
respect 满怀 0.08333333333333333
respect 尊敬 0.08333333333333333
respect 之意 0.08333333333333333
respect ... 0.08333333333333333
respect 共和国 0.08333333333333333
respect 首相 0.08333333333333333
respect 的 0.08333333333333333
respect 两位 0.08333333333333333
respect 特使 0.08333333333333333
respect 请求 0.08333333333333333
respect 立即 0.08333333333333333
respect 登舰 0.08333333333333333
... 满怀 0.08333333333333333
... 尊敬 0.08333333333333333
... 之意 0.08333333333333333
... ... 0.08333333333333333
... 共和国 0.08333333333333333
... 首相 0.08333333333333333
... 的 0.08333333333333333
... 两位 0.08333333333333333
... 特使 0.08333333333333333
... 请求 0.08333333333333333
... 立即 0.08333333333333333
... 登舰 0.08333333333333333
the 满怀 0.08333333333333333
the 尊敬 0.08333333333333333
the 之意 0.08333333333333333
the ... 0.08333333333333333
the 共和国 0.08333333333333333
the 首相 0.08333333333333333
the 的 0.08333333333333333
the 两位 0.08333333333333333
the 特使 0.08333333333333333
the 请求 0.08333333333333333
the 立即 0.08333333333333333
the 登舰 0.08333333333333333
ambassadors 满怀 0.08333333333333333
ambassadors 尊敬 0.08333333333333333
ambassadors 之意 0.08333333333333333
ambassadors ... 0.08333333333333333
ambassadors 共和国 0.08333333333333333
ambassadors 首相 0.08333333333333333
ambassadors 的 0.08333333333333333
ambassadors 两位 0.08333333333333333
ambassadors 特使 0.08333333333333333
ambassadors 请求 0.08333333333333333
ambassadors 立即 0.08333333333333333
ambassadors 登舰 0.08333333333333333
for 满怀 0.08333333333333333
for 尊敬 0.08333333333333333
for 之意 0.08333333333333333
for ... 0.08333333333333333
for 共和国 0.08333333333333333
for 首相 0.08333333333333333
for 的 0.08333333333333333
for 两位 0.08333333333333333
for 特使 0.08333333333333333
for 请求 0.08333333333333333
for 立即 0.08333333333333333
for 登舰 0.08333333333333333
supreme 满怀 0.08333333333333333
supreme 尊敬 0.08333333333333333
supreme 之意 0.08333333333333333
supreme ... 0.08333333333333333
supreme 共和国 0.08333333333333333
supreme 首相 0.08333333333333333
supreme 的 0.08333333333333333
supreme 两位 0.08333333333333333
supreme 特使 0.08333333333333333
supreme 请求 0.08333333333333333
supreme 立即 0.08333333333333333
supreme 登舰 0.08333333333333333
chancellor 满怀 0.08333333333333333
chancellor 尊敬 0.08333333333333333
chancellor 之意 0.08333333333333333
chancellor ... 0.08333333333333333
chancellor 共和国 0.08333333333333333
chancellor 首相 0.08333333333333333
chancellor 的 0.08333333333333333
chancellor 两位 0.08333333333333333
chancellor 特使 0.08333333333333333
chancellor 请求 0.08333333333333333
chancellor 立即 0.08333333333333333
chancellor 登舰 0.08333333333333333
wish 满怀 0.044117647058823525
wish 尊敬 0.044117647058823525
wish 之意 0.044117647058823525
wish ... 0.044117647058823525
wish 共和国 0.044117647058823525
wish 首相 0.044117647058823525
wish 的 0.044117647058823525
wish 两位 0.044117647058823525
wish 特使 0.044117647058823525
wish 请求 0.044117647058823525
wish 立即 0.044117647058823525
to 满怀 0.044117647058823525
to 尊敬 0.044117647058823525
to 之意 0.044117647058823525
to ... 0.044117647058823525
to 共和国 0.044117647058823525
to 首相 0.044117647058823525
to 的 0.044117647058823525
to 两位 0.044117647058823525
to 特使 0.044117647058823525
to 请求 0.044117647058823525
to 立即 0.044117647058823525
board 满怀 0.044117647058823525
board 尊敬 0.044117647058823525
board 之意 0.044117647058823525
board ... 0.044117647058823525
board 共和国 0.044117647058823525
board 首相 0.044117647058823525
board 的 0.044117647058823525
board 两位 0.044117647058823525
board 特使 0.044117647058823525
board 请求 0.044117647058823525
board 立即 0.044117647058823525
immediately 满怀 0.08333333333333333
immediately 尊敬 0.08333333333333333
immediately 之意 0.08333333333333333
immediately ... 0.08333333333333333
immediately 共和国 0.08333333333333333
immediately 首相 0.08333333333333333
immediately 的 0.08333333333333333
immediately 两位 0.08333333333333333
immediately 特使 0.08333333333333333
immediately 请求 0.08333333333333333
immediately 立即 0.08333333333333333
immediately 登舰 0.08333333333333333
NULL 当然 0.06857142857142857
NULL 可以 0.06857142857142857
yes 当然 0.2
yes 可以 0.2
, 当然 0.2
, 可以 0.2
of 当然 0.5
of 可以 0.5
course 当然 0.5
course 可以 0.5
